0 info it worked if it ends with ok
1 verbose cli [ 'D:\\node\\\\node.exe',
1 verbose cli   'D:\\node\\node_modules\\npm\\bin\\npm-cli.js',
1 verbose cli   'install' ]
2 info using npm@1.4.23
3 info using node@v0.10.31
4 verbose node symlink D:\node\\node.exe
5 verbose readDependencies using package.json deps
6 verbose install where, deps [ 'D:\\openserver\\OpenServer\\domains\\aurabp',
6 verbose install   [ 'grunt',
6 verbose install     'grunt-contrib-handlebars',
6 verbose install     'grunt-contrib-copy',
6 verbose install     'grunt-contrib-concat',
6 verbose install     'grunt-contrib-uglify',
6 verbose install     'grunt-contrib-jshint',
6 verbose install     'grunt-contrib-cssmin',
6 verbose install     'grunt-contrib-connect',
6 verbose install     'grunt-contrib-clean',
6 verbose install     'grunt-contrib-htmlmin',
6 verbose install     'grunt-contrib-imagemin',
6 verbose install     'grunt-contrib-livereload',
6 verbose install     'grunt-contrib-watch',
6 verbose install     'grunt-bower-hooks',
6 verbose install     'grunt-usemin',
6 verbose install     'grunt-open',
6 verbose install     'matchdep' ] ]
7 info preinstall aura-boilerplate@0.1.0
8 verbose readDependencies using package.json deps
9 verbose cache add [ 'grunt@0.4.1', null ]
10 verbose cache add name=undefined spec="grunt@0.4.1" args=["grunt@0.4.1",null]
11 verbose parsed url { protocol: null,
11 verbose parsed url   slashes: null,
11 verbose parsed url   auth: null,
11 verbose parsed url   host: null,
11 verbose parsed url   port: null,
11 verbose parsed url   hostname: null,
11 verbose parsed url   hash: null,
11 verbose parsed url   search: null,
11 verbose parsed url   query: null,
11 verbose parsed url   pathname: 'grunt@0.4.1',
11 verbose parsed url   path: 'grunt@0.4.1',
11 verbose parsed url   href: 'grunt@0.4.1' }
12 verbose cache add [ 'grunt-contrib-handlebars@0.5.9', null ]
13 verbose cache add name=undefined spec="grunt-contrib-handlebars@0.5.9" args=["grunt-contrib-handlebars@0.5.9",null]
14 verbose parsed url { protocol: null,
14 verbose parsed url   slashes: null,
14 verbose parsed url   auth: null,
14 verbose parsed url   host: null,
14 verbose parsed url   port: null,
14 verbose parsed url   hostname: null,
14 verbose parsed url   hash: null,
14 verbose parsed url   search: null,
14 verbose parsed url   query: null,
14 verbose parsed url   pathname: 'grunt-contrib-handlebars@0.5.9',
14 verbose parsed url   path: 'grunt-contrib-handlebars@0.5.9',
14 verbose parsed url   href: 'grunt-contrib-handlebars@0.5.9' }
15 verbose cache add [ 'grunt-contrib-copy@0.4.1', null ]
16 verbose cache add name=undefined spec="grunt-contrib-copy@0.4.1" args=["grunt-contrib-copy@0.4.1",null]
17 verbose parsed url { protocol: null,
17 verbose parsed url   slashes: null,
17 verbose parsed url   auth: null,
17 verbose parsed url   host: null,
17 verbose parsed url   port: null,
17 verbose parsed url   hostname: null,
17 verbose parsed url   hash: null,
17 verbose parsed url   search: null,
17 verbose parsed url   query: null,
17 verbose parsed url   pathname: 'grunt-contrib-copy@0.4.1',
17 verbose parsed url   path: 'grunt-contrib-copy@0.4.1',
17 verbose parsed url   href: 'grunt-contrib-copy@0.4.1' }
18 verbose cache add [ 'grunt-contrib-concat@0.3.0', null ]
19 verbose cache add name=undefined spec="grunt-contrib-concat@0.3.0" args=["grunt-contrib-concat@0.3.0",null]
20 verbose parsed url { protocol: null,
20 verbose parsed url   slashes: null,
20 verbose parsed url   auth: null,
20 verbose parsed url   host: null,
20 verbose parsed url   port: null,
20 verbose parsed url   hostname: null,
20 verbose parsed url   hash: null,
20 verbose parsed url   search: null,
20 verbose parsed url   query: null,
20 verbose parsed url   pathname: 'grunt-contrib-concat@0.3.0',
20 verbose parsed url   path: 'grunt-contrib-concat@0.3.0',
20 verbose parsed url   href: 'grunt-contrib-concat@0.3.0' }
21 verbose cache add [ 'grunt-contrib-uglify@0.2.2', null ]
22 verbose cache add name=undefined spec="grunt-contrib-uglify@0.2.2" args=["grunt-contrib-uglify@0.2.2",null]
23 verbose parsed url { protocol: null,
23 verbose parsed url   slashes: null,
23 verbose parsed url   auth: null,
23 verbose parsed url   host: null,
23 verbose parsed url   port: null,
23 verbose parsed url   hostname: null,
23 verbose parsed url   hash: null,
23 verbose parsed url   search: null,
23 verbose parsed url   query: null,
23 verbose parsed url   pathname: 'grunt-contrib-uglify@0.2.2',
23 verbose parsed url   path: 'grunt-contrib-uglify@0.2.2',
23 verbose parsed url   href: 'grunt-contrib-uglify@0.2.2' }
24 verbose cache add [ 'grunt-contrib-jshint@0.6.0', null ]
25 verbose cache add name=undefined spec="grunt-contrib-jshint@0.6.0" args=["grunt-contrib-jshint@0.6.0",null]
26 verbose parsed url { protocol: null,
26 verbose parsed url   slashes: null,
26 verbose parsed url   auth: null,
26 verbose parsed url   host: null,
26 verbose parsed url   port: null,
26 verbose parsed url   hostname: null,
26 verbose parsed url   hash: null,
26 verbose parsed url   search: null,
26 verbose parsed url   query: null,
26 verbose parsed url   pathname: 'grunt-contrib-jshint@0.6.0',
26 verbose parsed url   path: 'grunt-contrib-jshint@0.6.0',
26 verbose parsed url   href: 'grunt-contrib-jshint@0.6.0' }
27 verbose cache add [ 'grunt-contrib-cssmin@0.6.1', null ]
28 verbose cache add name=undefined spec="grunt-contrib-cssmin@0.6.1" args=["grunt-contrib-cssmin@0.6.1",null]
29 verbose parsed url { protocol: null,
29 verbose parsed url   slashes: null,
29 verbose parsed url   auth: null,
29 verbose parsed url   host: null,
29 verbose parsed url   port: null,
29 verbose parsed url   hostname: null,
29 verbose parsed url   hash: null,
29 verbose parsed url   search: null,
29 verbose parsed url   query: null,
29 verbose parsed url   pathname: 'grunt-contrib-cssmin@0.6.1',
29 verbose parsed url   path: 'grunt-contrib-cssmin@0.6.1',
29 verbose parsed url   href: 'grunt-contrib-cssmin@0.6.1' }
30 verbose cache add [ 'grunt-contrib-connect@0.3.0', null ]
31 verbose cache add name=undefined spec="grunt-contrib-connect@0.3.0" args=["grunt-contrib-connect@0.3.0",null]
32 verbose parsed url { protocol: null,
32 verbose parsed url   slashes: null,
32 verbose parsed url   auth: null,
32 verbose parsed url   host: null,
32 verbose parsed url   port: null,
32 verbose parsed url   hostname: null,
32 verbose parsed url   hash: null,
32 verbose parsed url   search: null,
32 verbose parsed url   query: null,
32 verbose parsed url   pathname: 'grunt-contrib-connect@0.3.0',
32 verbose parsed url   path: 'grunt-contrib-connect@0.3.0',
32 verbose parsed url   href: 'grunt-contrib-connect@0.3.0' }
33 verbose cache add [ 'grunt-contrib-clean@0.4.1', null ]
34 verbose cache add name=undefined spec="grunt-contrib-clean@0.4.1" args=["grunt-contrib-clean@0.4.1",null]
35 verbose parsed url { protocol: null,
35 verbose parsed url   slashes: null,
35 verbose parsed url   auth: null,
35 verbose parsed url   host: null,
35 verbose parsed url   port: null,
35 verbose parsed url   hostname: null,
35 verbose parsed url   hash: null,
35 verbose parsed url   search: null,
35 verbose parsed url   query: null,
35 verbose parsed url   pathname: 'grunt-contrib-clean@0.4.1',
35 verbose parsed url   path: 'grunt-contrib-clean@0.4.1',
35 verbose parsed url   href: 'grunt-contrib-clean@0.4.1' }
36 verbose cache add [ 'grunt-contrib-htmlmin@0.1.3', null ]
37 verbose cache add name=undefined spec="grunt-contrib-htmlmin@0.1.3" args=["grunt-contrib-htmlmin@0.1.3",null]
38 verbose parsed url { protocol: null,
38 verbose parsed url   slashes: null,
38 verbose parsed url   auth: null,
38 verbose parsed url   host: null,
38 verbose parsed url   port: null,
38 verbose parsed url   hostname: null,
38 verbose parsed url   hash: null,
38 verbose parsed url   search: null,
38 verbose parsed url   query: null,
38 verbose parsed url   pathname: 'grunt-contrib-htmlmin@0.1.3',
38 verbose parsed url   path: 'grunt-contrib-htmlmin@0.1.3',
38 verbose parsed url   href: 'grunt-contrib-htmlmin@0.1.3' }
39 verbose cache add [ 'grunt-contrib-imagemin@0.1.4', null ]
40 verbose cache add name=undefined spec="grunt-contrib-imagemin@0.1.4" args=["grunt-contrib-imagemin@0.1.4",null]
41 verbose parsed url { protocol: null,
41 verbose parsed url   slashes: null,
41 verbose parsed url   auth: null,
41 verbose parsed url   host: null,
41 verbose parsed url   port: null,
41 verbose parsed url   hostname: null,
41 verbose parsed url   hash: null,
41 verbose parsed url   search: null,
41 verbose parsed url   query: null,
41 verbose parsed url   pathname: 'grunt-contrib-imagemin@0.1.4',
41 verbose parsed url   path: 'grunt-contrib-imagemin@0.1.4',
41 verbose parsed url   href: 'grunt-contrib-imagemin@0.1.4' }
42 verbose cache add [ 'grunt-contrib-livereload@0.1.2', null ]
43 verbose cache add name=undefined spec="grunt-contrib-livereload@0.1.2" args=["grunt-contrib-livereload@0.1.2",null]
44 verbose parsed url { protocol: null,
44 verbose parsed url   slashes: null,
44 verbose parsed url   auth: null,
44 verbose parsed url   host: null,
44 verbose parsed url   port: null,
44 verbose parsed url   hostname: null,
44 verbose parsed url   hash: null,
44 verbose parsed url   search: null,
44 verbose parsed url   query: null,
44 verbose parsed url   pathname: 'grunt-contrib-livereload@0.1.2',
44 verbose parsed url   path: 'grunt-contrib-livereload@0.1.2',
44 verbose parsed url   href: 'grunt-contrib-livereload@0.1.2' }
45 verbose cache add [ 'grunt-contrib-watch@0.4.4', null ]
46 verbose cache add name=undefined spec="grunt-contrib-watch@0.4.4" args=["grunt-contrib-watch@0.4.4",null]
47 verbose parsed url { protocol: null,
47 verbose parsed url   slashes: null,
47 verbose parsed url   auth: null,
47 verbose parsed url   host: null,
47 verbose parsed url   port: null,
47 verbose parsed url   hostname: null,
47 verbose parsed url   hash: null,
47 verbose parsed url   search: null,
47 verbose parsed url   query: null,
47 verbose parsed url   pathname: 'grunt-contrib-watch@0.4.4',
47 verbose parsed url   path: 'grunt-contrib-watch@0.4.4',
47 verbose parsed url   href: 'grunt-contrib-watch@0.4.4' }
48 verbose cache add [ 'grunt-bower-hooks@0.3.0', null ]
49 verbose cache add name=undefined spec="grunt-bower-hooks@0.3.0" args=["grunt-bower-hooks@0.3.0",null]
50 verbose parsed url { protocol: null,
50 verbose parsed url   slashes: null,
50 verbose parsed url   auth: null,
50 verbose parsed url   host: null,
50 verbose parsed url   port: null,
50 verbose parsed url   hostname: null,
50 verbose parsed url   hash: null,
50 verbose parsed url   search: null,
50 verbose parsed url   query: null,
50 verbose parsed url   pathname: 'grunt-bower-hooks@0.3.0',
50 verbose parsed url   path: 'grunt-bower-hooks@0.3.0',
50 verbose parsed url   href: 'grunt-bower-hooks@0.3.0' }
51 verbose cache add [ 'grunt-usemin@0.1.12', null ]
52 verbose cache add name=undefined spec="grunt-usemin@0.1.12" args=["grunt-usemin@0.1.12",null]
53 verbose parsed url { protocol: null,
53 verbose parsed url   slashes: null,
53 verbose parsed url   auth: null,
53 verbose parsed url   host: null,
53 verbose parsed url   port: null,
53 verbose parsed url   hostname: null,
53 verbose parsed url   hash: null,
53 verbose parsed url   search: null,
53 verbose parsed url   query: null,
53 verbose parsed url   pathname: 'grunt-usemin@0.1.12',
53 verbose parsed url   path: 'grunt-usemin@0.1.12',
53 verbose parsed url   href: 'grunt-usemin@0.1.12' }
54 verbose cache add [ 'grunt-open@0.2.0', null ]
55 verbose cache add name=undefined spec="grunt-open@0.2.0" args=["grunt-open@0.2.0",null]
56 verbose parsed url { protocol: null,
56 verbose parsed url   slashes: null,
56 verbose parsed url   auth: null,
56 verbose parsed url   host: null,
56 verbose parsed url   port: null,
56 verbose parsed url   hostname: null,
56 verbose parsed url   hash: null,
56 verbose parsed url   search: null,
56 verbose parsed url   query: null,
56 verbose parsed url   pathname: 'grunt-open@0.2.0',
56 verbose parsed url   path: 'grunt-open@0.2.0',
56 verbose parsed url   href: 'grunt-open@0.2.0' }
57 verbose cache add [ 'matchdep@0.1.2', null ]
58 verbose cache add name=undefined spec="matchdep@0.1.2" args=["matchdep@0.1.2",null]
59 verbose parsed url { protocol: null,
59 verbose parsed url   slashes: null,
59 verbose parsed url   auth: null,
59 verbose parsed url   host: null,
59 verbose parsed url   port: null,
59 verbose parsed url   hostname: null,
59 verbose parsed url   hash: null,
59 verbose parsed url   search: null,
59 verbose parsed url   query: null,
59 verbose parsed url   pathname: 'matchdep@0.1.2',
59 verbose parsed url   path: 'matchdep@0.1.2',
59 verbose parsed url   href: 'matchdep@0.1.2' }
60 verbose cache add name="grunt" spec="0.4.1" args=["grunt","0.4.1"]
61 verbose parsed url { protocol: null,
61 verbose parsed url   slashes: null,
61 verbose parsed url   auth: null,
61 verbose parsed url   host: null,
61 verbose parsed url   port: null,
61 verbose parsed url   hostname: null,
61 verbose parsed url   hash: null,
61 verbose parsed url   search: null,
61 verbose parsed url   query: null,
61 verbose parsed url   pathname: '0.4.1',
61 verbose parsed url   path: '0.4.1',
61 verbose parsed url   href: '0.4.1' }
62 verbose addNamed [ 'grunt', '0.4.1' ]
63 verbose addNamed [ '0.4.1', '0.4.1' ]
64 verbose cache add name="grunt-contrib-handlebars" spec="0.5.9" args=["grunt-contrib-handlebars","0.5.9"]
65 verbose parsed url { protocol: null,
65 verbose parsed url   slashes: null,
65 verbose parsed url   auth: null,
65 verbose parsed url   host: null,
65 verbose parsed url   port: null,
65 verbose parsed url   hostname: null,
65 verbose parsed url   hash: null,
65 verbose parsed url   search: null,
65 verbose parsed url   query: null,
65 verbose parsed url   pathname: '0.5.9',
65 verbose parsed url   path: '0.5.9',
65 verbose parsed url   href: '0.5.9' }
66 verbose addNamed [ 'grunt-contrib-handlebars', '0.5.9' ]
67 verbose addNamed [ '0.5.9', '0.5.9' ]
68 verbose cache add name="grunt-contrib-copy" spec="0.4.1" args=["grunt-contrib-copy","0.4.1"]
69 verbose parsed url { protocol: null,
69 verbose parsed url   slashes: null,
69 verbose parsed url   auth: null,
69 verbose parsed url   host: null,
69 verbose parsed url   port: null,
69 verbose parsed url   hostname: null,
69 verbose parsed url   hash: null,
69 verbose parsed url   search: null,
69 verbose parsed url   query: null,
69 verbose parsed url   pathname: '0.4.1',
69 verbose parsed url   path: '0.4.1',
69 verbose parsed url   href: '0.4.1' }
70 verbose addNamed [ 'grunt-contrib-copy', '0.4.1' ]
71 verbose addNamed [ '0.4.1', '0.4.1' ]
72 verbose cache add name="grunt-contrib-concat" spec="0.3.0" args=["grunt-contrib-concat","0.3.0"]
73 verbose parsed url { protocol: null,
73 verbose parsed url   slashes: null,
73 verbose parsed url   auth: null,
73 verbose parsed url   host: null,
73 verbose parsed url   port: null,
73 verbose parsed url   hostname: null,
73 verbose parsed url   hash: null,
73 verbose parsed url   search: null,
73 verbose parsed url   query: null,
73 verbose parsed url   pathname: '0.3.0',
73 verbose parsed url   path: '0.3.0',
73 verbose parsed url   href: '0.3.0' }
74 verbose addNamed [ 'grunt-contrib-concat', '0.3.0' ]
75 verbose addNamed [ '0.3.0', '0.3.0' ]
76 verbose cache add name="grunt-contrib-uglify" spec="0.2.2" args=["grunt-contrib-uglify","0.2.2"]
77 verbose parsed url { protocol: null,
77 verbose parsed url   slashes: null,
77 verbose parsed url   auth: null,
77 verbose parsed url   host: null,
77 verbose parsed url   port: null,
77 verbose parsed url   hostname: null,
77 verbose parsed url   hash: null,
77 verbose parsed url   search: null,
77 verbose parsed url   query: null,
77 verbose parsed url   pathname: '0.2.2',
77 verbose parsed url   path: '0.2.2',
77 verbose parsed url   href: '0.2.2' }
78 verbose addNamed [ 'grunt-contrib-uglify', '0.2.2' ]
79 verbose addNamed [ '0.2.2', '0.2.2' ]
80 verbose cache add name="grunt-contrib-jshint" spec="0.6.0" args=["grunt-contrib-jshint","0.6.0"]
81 verbose parsed url { protocol: null,
81 verbose parsed url   slashes: null,
81 verbose parsed url   auth: null,
81 verbose parsed url   host: null,
81 verbose parsed url   port: null,
81 verbose parsed url   hostname: null,
81 verbose parsed url   hash: null,
81 verbose parsed url   search: null,
81 verbose parsed url   query: null,
81 verbose parsed url   pathname: '0.6.0',
81 verbose parsed url   path: '0.6.0',
81 verbose parsed url   href: '0.6.0' }
82 verbose addNamed [ 'grunt-contrib-jshint', '0.6.0' ]
83 verbose addNamed [ '0.6.0', '0.6.0' ]
84 verbose cache add name="grunt-contrib-cssmin" spec="0.6.1" args=["grunt-contrib-cssmin","0.6.1"]
85 verbose parsed url { protocol: null,
85 verbose parsed url   slashes: null,
85 verbose parsed url   auth: null,
85 verbose parsed url   host: null,
85 verbose parsed url   port: null,
85 verbose parsed url   hostname: null,
85 verbose parsed url   hash: null,
85 verbose parsed url   search: null,
85 verbose parsed url   query: null,
85 verbose parsed url   pathname: '0.6.1',
85 verbose parsed url   path: '0.6.1',
85 verbose parsed url   href: '0.6.1' }
86 verbose addNamed [ 'grunt-contrib-cssmin', '0.6.1' ]
87 verbose addNamed [ '0.6.1', '0.6.1' ]
88 verbose cache add name="grunt-contrib-connect" spec="0.3.0" args=["grunt-contrib-connect","0.3.0"]
89 verbose parsed url { protocol: null,
89 verbose parsed url   slashes: null,
89 verbose parsed url   auth: null,
89 verbose parsed url   host: null,
89 verbose parsed url   port: null,
89 verbose parsed url   hostname: null,
89 verbose parsed url   hash: null,
89 verbose parsed url   search: null,
89 verbose parsed url   query: null,
89 verbose parsed url   pathname: '0.3.0',
89 verbose parsed url   path: '0.3.0',
89 verbose parsed url   href: '0.3.0' }
90 verbose addNamed [ 'grunt-contrib-connect', '0.3.0' ]
91 verbose addNamed [ '0.3.0', '0.3.0' ]
92 verbose cache add name="grunt-contrib-clean" spec="0.4.1" args=["grunt-contrib-clean","0.4.1"]
93 verbose parsed url { protocol: null,
93 verbose parsed url   slashes: null,
93 verbose parsed url   auth: null,
93 verbose parsed url   host: null,
93 verbose parsed url   port: null,
93 verbose parsed url   hostname: null,
93 verbose parsed url   hash: null,
93 verbose parsed url   search: null,
93 verbose parsed url   query: null,
93 verbose parsed url   pathname: '0.4.1',
93 verbose parsed url   path: '0.4.1',
93 verbose parsed url   href: '0.4.1' }
94 verbose addNamed [ 'grunt-contrib-clean', '0.4.1' ]
95 verbose addNamed [ '0.4.1', '0.4.1' ]
96 verbose cache add name="grunt-contrib-htmlmin" spec="0.1.3" args=["grunt-contrib-htmlmin","0.1.3"]
97 verbose parsed url { protocol: null,
97 verbose parsed url   slashes: null,
97 verbose parsed url   auth: null,
97 verbose parsed url   host: null,
97 verbose parsed url   port: null,
97 verbose parsed url   hostname: null,
97 verbose parsed url   hash: null,
97 verbose parsed url   search: null,
97 verbose parsed url   query: null,
97 verbose parsed url   pathname: '0.1.3',
97 verbose parsed url   path: '0.1.3',
97 verbose parsed url   href: '0.1.3' }
98 verbose addNamed [ 'grunt-contrib-htmlmin', '0.1.3' ]
99 verbose addNamed [ '0.1.3', '0.1.3' ]
100 verbose cache add name="grunt-contrib-imagemin" spec="0.1.4" args=["grunt-contrib-imagemin","0.1.4"]
101 verbose parsed url { protocol: null,
101 verbose parsed url   slashes: null,
101 verbose parsed url   auth: null,
101 verbose parsed url   host: null,
101 verbose parsed url   port: null,
101 verbose parsed url   hostname: null,
101 verbose parsed url   hash: null,
101 verbose parsed url   search: null,
101 verbose parsed url   query: null,
101 verbose parsed url   pathname: '0.1.4',
101 verbose parsed url   path: '0.1.4',
101 verbose parsed url   href: '0.1.4' }
102 verbose addNamed [ 'grunt-contrib-imagemin', '0.1.4' ]
103 verbose addNamed [ '0.1.4', '0.1.4' ]
104 verbose cache add name="grunt-contrib-livereload" spec="0.1.2" args=["grunt-contrib-livereload","0.1.2"]
105 verbose parsed url { protocol: null,
105 verbose parsed url   slashes: null,
105 verbose parsed url   auth: null,
105 verbose parsed url   host: null,
105 verbose parsed url   port: null,
105 verbose parsed url   hostname: null,
105 verbose parsed url   hash: null,
105 verbose parsed url   search: null,
105 verbose parsed url   query: null,
105 verbose parsed url   pathname: '0.1.2',
105 verbose parsed url   path: '0.1.2',
105 verbose parsed url   href: '0.1.2' }
106 verbose addNamed [ 'grunt-contrib-livereload', '0.1.2' ]
107 verbose addNamed [ '0.1.2', '0.1.2' ]
108 verbose cache add name="grunt-contrib-watch" spec="0.4.4" args=["grunt-contrib-watch","0.4.4"]
109 verbose parsed url { protocol: null,
109 verbose parsed url   slashes: null,
109 verbose parsed url   auth: null,
109 verbose parsed url   host: null,
109 verbose parsed url   port: null,
109 verbose parsed url   hostname: null,
109 verbose parsed url   hash: null,
109 verbose parsed url   search: null,
109 verbose parsed url   query: null,
109 verbose parsed url   pathname: '0.4.4',
109 verbose parsed url   path: '0.4.4',
109 verbose parsed url   href: '0.4.4' }
110 verbose addNamed [ 'grunt-contrib-watch', '0.4.4' ]
111 verbose addNamed [ '0.4.4', '0.4.4' ]
112 verbose cache add name="grunt-bower-hooks" spec="0.3.0" args=["grunt-bower-hooks","0.3.0"]
113 verbose parsed url { protocol: null,
113 verbose parsed url   slashes: null,
113 verbose parsed url   auth: null,
113 verbose parsed url   host: null,
113 verbose parsed url   port: null,
113 verbose parsed url   hostname: null,
113 verbose parsed url   hash: null,
113 verbose parsed url   search: null,
113 verbose parsed url   query: null,
113 verbose parsed url   pathname: '0.3.0',
113 verbose parsed url   path: '0.3.0',
113 verbose parsed url   href: '0.3.0' }
114 verbose addNamed [ 'grunt-bower-hooks', '0.3.0' ]
115 verbose addNamed [ '0.3.0', '0.3.0' ]
116 verbose cache add name="grunt-usemin" spec="0.1.12" args=["grunt-usemin","0.1.12"]
117 verbose parsed url { protocol: null,
117 verbose parsed url   slashes: null,
117 verbose parsed url   auth: null,
117 verbose parsed url   host: null,
117 verbose parsed url   port: null,
117 verbose parsed url   hostname: null,
117 verbose parsed url   hash: null,
117 verbose parsed url   search: null,
117 verbose parsed url   query: null,
117 verbose parsed url   pathname: '0.1.12',
117 verbose parsed url   path: '0.1.12',
117 verbose parsed url   href: '0.1.12' }
118 verbose addNamed [ 'grunt-usemin', '0.1.12' ]
119 verbose addNamed [ '0.1.12', '0.1.12' ]
120 verbose cache add name="grunt-open" spec="0.2.0" args=["grunt-open","0.2.0"]
121 verbose parsed url { protocol: null,
121 verbose parsed url   slashes: null,
121 verbose parsed url   auth: null,
121 verbose parsed url   host: null,
121 verbose parsed url   port: null,
121 verbose parsed url   hostname: null,
121 verbose parsed url   hash: null,
121 verbose parsed url   search: null,
121 verbose parsed url   query: null,
121 verbose parsed url   pathname: '0.2.0',
121 verbose parsed url   path: '0.2.0',
121 verbose parsed url   href: '0.2.0' }
122 verbose addNamed [ 'grunt-open', '0.2.0' ]
123 verbose addNamed [ '0.2.0', '0.2.0' ]
124 verbose cache add name="matchdep" spec="0.1.2" args=["matchdep","0.1.2"]
125 verbose parsed url { protocol: null,
125 verbose parsed url   slashes: null,
125 verbose parsed url   auth: null,
125 verbose parsed url   host: null,
125 verbose parsed url   port: null,
125 verbose parsed url   hostname: null,
125 verbose parsed url   hash: null,
125 verbose parsed url   search: null,
125 verbose parsed url   query: null,
125 verbose parsed url   pathname: '0.1.2',
125 verbose parsed url   path: '0.1.2',
125 verbose parsed url   href: '0.1.2' }
126 verbose addNamed [ 'matchdep', '0.1.2' ]
127 verbose addNamed [ '0.1.2', '0.1.2' ]
128 silly lockFile f9e87dfe-grunt-0-4-1 grunt@0.4.1
129 verbose lock grunt@0.4.1 C:\Users\Андрей\AppData\Roaming\npm-cache\f9e87dfe-grunt-0-4-1.lock
130 silly lockFile 1a3841cf-grunt-contrib-handlebars-0-5-9 grunt-contrib-handlebars@0.5.9
131 verbose lock grunt-contrib-handlebars@0.5.9 C:\Users\Андрей\AppData\Roaming\npm-cache\1a3841cf-grunt-contrib-handlebars-0-5-9.lock
132 silly lockFile 4dbab511-grunt-contrib-copy-0-4-1 grunt-contrib-copy@0.4.1
133 verbose lock grunt-contrib-copy@0.4.1 C:\Users\Андрей\AppData\Roaming\npm-cache\4dbab511-grunt-contrib-copy-0-4-1.lock
134 silly lockFile 11d10dc6-grunt-contrib-concat-0-3-0 grunt-contrib-concat@0.3.0
135 verbose lock grunt-contrib-concat@0.3.0 C:\Users\Андрей\AppData\Roaming\npm-cache\11d10dc6-grunt-contrib-concat-0-3-0.lock
136 silly lockFile c0c166a2-grunt-contrib-uglify-0-2-2 grunt-contrib-uglify@0.2.2
137 verbose lock grunt-contrib-uglify@0.2.2 C:\Users\Андрей\AppData\Roaming\npm-cache\c0c166a2-grunt-contrib-uglify-0-2-2.lock
138 silly lockFile fbc73638-grunt-contrib-jshint-0-6-0 grunt-contrib-jshint@0.6.0
139 verbose lock grunt-contrib-jshint@0.6.0 C:\Users\Андрей\AppData\Roaming\npm-cache\fbc73638-grunt-contrib-jshint-0-6-0.lock
140 silly lockFile 4a4cc82c-grunt-contrib-cssmin-0-6-1 grunt-contrib-cssmin@0.6.1
141 verbose lock grunt-contrib-cssmin@0.6.1 C:\Users\Андрей\AppData\Roaming\npm-cache\4a4cc82c-grunt-contrib-cssmin-0-6-1.lock
142 silly lockFile 206c5a79-grunt-contrib-connect-0-3-0 grunt-contrib-connect@0.3.0
143 verbose lock grunt-contrib-connect@0.3.0 C:\Users\Андрей\AppData\Roaming\npm-cache\206c5a79-grunt-contrib-connect-0-3-0.lock
144 silly lockFile d4970290-grunt-contrib-clean-0-4-1 grunt-contrib-clean@0.4.1
145 verbose lock grunt-contrib-clean@0.4.1 C:\Users\Андрей\AppData\Roaming\npm-cache\d4970290-grunt-contrib-clean-0-4-1.lock
146 silly lockFile 613772ee-grunt-contrib-htmlmin-0-1-3 grunt-contrib-htmlmin@0.1.3
147 verbose lock grunt-contrib-htmlmin@0.1.3 C:\Users\Андрей\AppData\Roaming\npm-cache\613772ee-grunt-contrib-htmlmin-0-1-3.lock
148 silly lockFile 76c1831d-grunt-contrib-imagemin-0-1-4 grunt-contrib-imagemin@0.1.4
149 verbose lock grunt-contrib-imagemin@0.1.4 C:\Users\Андрей\AppData\Roaming\npm-cache\76c1831d-grunt-contrib-imagemin-0-1-4.lock
150 silly lockFile ac2d3c1a-grunt-contrib-livereload-0-1-2 grunt-contrib-livereload@0.1.2
151 verbose lock grunt-contrib-livereload@0.1.2 C:\Users\Андрей\AppData\Roaming\npm-cache\ac2d3c1a-grunt-contrib-livereload-0-1-2.lock
152 silly lockFile 7928dfc2-grunt-contrib-watch-0-4-4 grunt-contrib-watch@0.4.4
153 verbose lock grunt-contrib-watch@0.4.4 C:\Users\Андрей\AppData\Roaming\npm-cache\7928dfc2-grunt-contrib-watch-0-4-4.lock
154 silly lockFile 48c890b5-grunt-bower-hooks-0-3-0 grunt-bower-hooks@0.3.0
155 verbose lock grunt-bower-hooks@0.3.0 C:\Users\Андрей\AppData\Roaming\npm-cache\48c890b5-grunt-bower-hooks-0-3-0.lock
156 silly lockFile 3ff38f12-grunt-usemin-0-1-12 grunt-usemin@0.1.12
157 verbose lock grunt-usemin@0.1.12 C:\Users\Андрей\AppData\Roaming\npm-cache\3ff38f12-grunt-usemin-0-1-12.lock
158 silly lockFile 9bf48bab-grunt-open-0-2-0 grunt-open@0.2.0
159 verbose lock grunt-open@0.2.0 C:\Users\Андрей\AppData\Roaming\npm-cache\9bf48bab-grunt-open-0-2-0.lock
160 silly lockFile d307da54-matchdep-0-1-2 matchdep@0.1.2
161 verbose lock matchdep@0.1.2 C:\Users\Андрей\AppData\Roaming\npm-cache\d307da54-matchdep-0-1-2.lock
162 verbose request where is /grunt-contrib-handlebars
163 verbose request registry https://registry.npmjs.org/
164 verbose request id 2c7b562067446548
165 verbose url raw /grunt-contrib-handlebars
166 verbose url resolving [ 'https://registry.npmjs.org/', './grunt-contrib-handlebars' ]
167 verbose url resolved https://registry.npmjs.org/grunt-contrib-handlebars
168 verbose request where is https://registry.npmjs.org/grunt-contrib-handlebars
169 info trying registry request attempt 1 at 21:23:49
170 http GET https://registry.npmjs.org/grunt-contrib-handlebars
171 verbose request where is /grunt-contrib-htmlmin
172 verbose request registry https://registry.npmjs.org/
173 verbose url raw /grunt-contrib-htmlmin
174 verbose url resolving [ 'https://registry.npmjs.org/', './grunt-contrib-htmlmin' ]
175 verbose url resolved https://registry.npmjs.org/grunt-contrib-htmlmin
176 verbose request where is https://registry.npmjs.org/grunt-contrib-htmlmin
177 info trying registry request attempt 1 at 21:23:49
178 http GET https://registry.npmjs.org/grunt-contrib-htmlmin
179 verbose request where is /grunt-contrib-uglify
180 verbose request registry https://registry.npmjs.org/
181 verbose url raw /grunt-contrib-uglify
182 verbose url resolving [ 'https://registry.npmjs.org/', './grunt-contrib-uglify' ]
183 verbose url resolved https://registry.npmjs.org/grunt-contrib-uglify
184 verbose request where is https://registry.npmjs.org/grunt-contrib-uglify
185 info trying registry request attempt 1 at 21:23:49
186 http GET https://registry.npmjs.org/grunt-contrib-uglify
187 verbose request where is /grunt-bower-hooks
188 verbose request registry https://registry.npmjs.org/
189 verbose url raw /grunt-bower-hooks
190 verbose url resolving [ 'https://registry.npmjs.org/', './grunt-bower-hooks' ]
191 verbose url resolved https://registry.npmjs.org/grunt-bower-hooks
192 verbose request where is https://registry.npmjs.org/grunt-bower-hooks
193 info trying registry request attempt 1 at 21:23:49
194 http GET https://registry.npmjs.org/grunt-bower-hooks
195 verbose request where is /grunt-open
196 verbose request registry https://registry.npmjs.org/
197 verbose url raw /grunt-open
198 verbose url resolving [ 'https://registry.npmjs.org/', './grunt-open' ]
199 verbose url resolved https://registry.npmjs.org/grunt-open
200 verbose request where is https://registry.npmjs.org/grunt-open
201 info trying registry request attempt 1 at 21:23:49
202 http GET https://registry.npmjs.org/grunt-open
203 verbose request where is /grunt-usemin
204 verbose request registry https://registry.npmjs.org/
205 verbose url raw /grunt-usemin
206 verbose url resolving [ 'https://registry.npmjs.org/', './grunt-usemin' ]
207 verbose url resolved https://registry.npmjs.org/grunt-usemin
208 verbose request where is https://registry.npmjs.org/grunt-usemin
209 info trying registry request attempt 1 at 21:23:49
210 http GET https://registry.npmjs.org/grunt-usemin
211 verbose request where is /grunt-contrib-copy
212 verbose request registry https://registry.npmjs.org/
213 verbose url raw /grunt-contrib-copy
214 verbose url resolving [ 'https://registry.npmjs.org/', './grunt-contrib-copy' ]
215 verbose url resolved https://registry.npmjs.org/grunt-contrib-copy
216 verbose request where is https://registry.npmjs.org/grunt-contrib-copy
217 info trying registry request attempt 1 at 21:23:49
218 http GET https://registry.npmjs.org/grunt-contrib-copy
219 verbose request where is /grunt-contrib-livereload
220 verbose request registry https://registry.npmjs.org/
221 verbose url raw /grunt-contrib-livereload
222 verbose url resolving [ 'https://registry.npmjs.org/', './grunt-contrib-livereload' ]
223 verbose url resolved https://registry.npmjs.org/grunt-contrib-livereload
224 verbose request where is https://registry.npmjs.org/grunt-contrib-livereload
225 info trying registry request attempt 1 at 21:23:49
226 http GET https://registry.npmjs.org/grunt-contrib-livereload
227 verbose request where is /matchdep
228 verbose request registry https://registry.npmjs.org/
229 verbose url raw /matchdep
230 verbose url resolving [ 'https://registry.npmjs.org/', './matchdep' ]
231 verbose url resolved https://registry.npmjs.org/matchdep
232 verbose request where is https://registry.npmjs.org/matchdep
233 info trying registry request attempt 1 at 21:23:49
234 http GET https://registry.npmjs.org/matchdep
235 verbose request where is /grunt-contrib-cssmin
236 verbose request registry https://registry.npmjs.org/
237 verbose url raw /grunt-contrib-cssmin
238 verbose url resolving [ 'https://registry.npmjs.org/', './grunt-contrib-cssmin' ]
239 verbose url resolved https://registry.npmjs.org/grunt-contrib-cssmin
240 verbose request where is https://registry.npmjs.org/grunt-contrib-cssmin
241 info trying registry request attempt 1 at 21:23:49
242 http GET https://registry.npmjs.org/grunt-contrib-cssmin
243 verbose request where is /grunt-contrib-imagemin
244 verbose request registry https://registry.npmjs.org/
245 verbose url raw /grunt-contrib-imagemin
246 verbose url resolving [ 'https://registry.npmjs.org/', './grunt-contrib-imagemin' ]
247 verbose url resolved https://registry.npmjs.org/grunt-contrib-imagemin
248 verbose request where is https://registry.npmjs.org/grunt-contrib-imagemin
249 info trying registry request attempt 1 at 21:23:49
250 http GET https://registry.npmjs.org/grunt-contrib-imagemin
251 verbose request where is /grunt-contrib-clean
252 verbose request registry https://registry.npmjs.org/
253 verbose url raw /grunt-contrib-clean
254 verbose url resolving [ 'https://registry.npmjs.org/', './grunt-contrib-clean' ]
255 verbose url resolved https://registry.npmjs.org/grunt-contrib-clean
256 verbose request where is https://registry.npmjs.org/grunt-contrib-clean
257 info trying registry request attempt 1 at 21:23:49
258 verbose etag "93JUGJ7O8IXY0OFIGHLK3IYUJ"
259 http GET https://registry.npmjs.org/grunt-contrib-clean
260 verbose request where is /grunt
261 verbose request registry https://registry.npmjs.org/
262 verbose url raw /grunt
263 verbose url resolving [ 'https://registry.npmjs.org/', './grunt' ]
264 verbose url resolved https://registry.npmjs.org/grunt
265 verbose request where is https://registry.npmjs.org/grunt
266 info trying registry request attempt 1 at 21:23:49
267 verbose etag "5D0IL7XDP9SNUW0TSCP8ZW4WD"
268 http GET https://registry.npmjs.org/grunt
269 verbose request where is /grunt-contrib-concat
270 verbose request registry https://registry.npmjs.org/
271 verbose url raw /grunt-contrib-concat
272 verbose url resolving [ 'https://registry.npmjs.org/', './grunt-contrib-concat' ]
273 verbose url resolved https://registry.npmjs.org/grunt-contrib-concat
274 verbose request where is https://registry.npmjs.org/grunt-contrib-concat
275 info trying registry request attempt 1 at 21:23:49
276 verbose etag "87A6V5QOMSF5XI6ESMWPVO75X"
277 http GET https://registry.npmjs.org/grunt-contrib-concat
278 verbose request where is /grunt-contrib-watch
279 verbose request registry https://registry.npmjs.org/
280 verbose url raw /grunt-contrib-watch
281 verbose url resolving [ 'https://registry.npmjs.org/', './grunt-contrib-watch' ]
282 verbose url resolved https://registry.npmjs.org/grunt-contrib-watch
283 verbose request where is https://registry.npmjs.org/grunt-contrib-watch
284 info trying registry request attempt 1 at 21:23:49
285 verbose etag "27M9OF3WVBMW4RT68Y88LPTQN"
286 http GET https://registry.npmjs.org/grunt-contrib-watch
287 verbose request where is /grunt-contrib-connect
288 verbose request registry https://registry.npmjs.org/
289 verbose url raw /grunt-contrib-connect
290 verbose url resolving [ 'https://registry.npmjs.org/', './grunt-contrib-connect' ]
291 verbose url resolved https://registry.npmjs.org/grunt-contrib-connect
292 verbose request where is https://registry.npmjs.org/grunt-contrib-connect
293 info trying registry request attempt 1 at 21:23:49
294 verbose etag "LRSNK48QIB1D624FTU4H3Z1L"
295 http GET https://registry.npmjs.org/grunt-contrib-connect
296 verbose request where is /grunt-contrib-jshint
297 verbose request registry https://registry.npmjs.org/
298 verbose url raw /grunt-contrib-jshint
299 verbose url resolving [ 'https://registry.npmjs.org/', './grunt-contrib-jshint' ]
300 verbose url resolved https://registry.npmjs.org/grunt-contrib-jshint
301 verbose request where is https://registry.npmjs.org/grunt-contrib-jshint
302 info trying registry request attempt 1 at 21:23:49
303 verbose etag "ZXHDJS95J0D2RKU30RX2ERCQ"
304 http GET https://registry.npmjs.org/grunt-contrib-jshint
305 http 404 https://registry.npmjs.org/grunt-bower-hooks
306 silly registry.get cb [ 404,
306 silly registry.get   { date: 'Wed, 03 Sep 2014 17:23:53 GMT',
306 silly registry.get     server: 'CouchDB/1.5.0 (Erlang OTP/R14B04)',
306 silly registry.get     etag: '"YKVWBR5WMLGM5ZGAWSADHC9Y"',
306 silly registry.get     'content-type': 'application/json',
306 silly registry.get     'cache-control': 'max-age=0',
306 silly registry.get     'content-length': '692',
306 silly registry.get     'accept-ranges': 'bytes',
306 silly registry.get     via: '1.1 varnish',
306 silly registry.get     age: '0',
306 silly registry.get     'x-served-by': 'cache-fra1229-FRA',
306 silly registry.get     'x-cache': 'MISS',
306 silly registry.get     'x-cache-hits': '0',
306 silly registry.get     'x-timer': 'S1409765033.645615,VS0,VE133',
306 silly registry.get     vary: 'Accept',
306 silly registry.get     'keep-alive': 'timeout=10, max=50',
306 silly registry.get     connection: 'Keep-Alive' } ]
307 silly lockFile 48c890b5-grunt-bower-hooks-0-3-0 grunt-bower-hooks@0.3.0
308 silly lockFile 48c890b5-grunt-bower-hooks-0-3-0 grunt-bower-hooks@0.3.0
309 error 404 Not Found
309 error 404
309 error 404 'grunt-bower-hooks' is not in the npm registry.
309 error 404 You should bug the author to publish it
309 error 404 It was specified as a dependency of 'aura-boilerplate'
309 error 404
309 error 404 Note that you can also install from a
309 error 404 tarball, folder, or http url, or git url.
310 error System Windows_NT 6.1.7601
311 error command "D:\\node\\\\node.exe" "D:\\node\\node_modules\\npm\\bin\\npm-cli.js" "install"
312 error cwd D:\openserver\OpenServer\domains\aurabp
313 error node -v v0.10.31
314 error npm -v 1.4.23
315 error code E404
316 verbose exit [ 1, true ]
